[12/13/2019 12:17:10 AM] {anomaly.py:36} INFO - Starting up sensor thread
[12/13/2019 12:17:10 AM] {anomaly.py:55} DEBUG - Retrieved results from the db of size as: 3
[12/13/2019 12:17:10 AM] {anomaly.py:64} INFO - Starting up new profiler with name:Redmine-Detected id:1 timeWindow:2 addressBaseline:0.35 portBaseline:0.5 degreeBaseline:0.75 threshold:0.2 
[12/13/2019 12:17:10 AM] {anomaly.py:64} INFO - Starting up new profiler with name:CarbonBlack-Strike id:2 timeWindow:8 addressBaseline:0.3 portBaseline:0.4 degreeBaseline:0.75 threshold:0.15 
[12/13/2019 12:17:10 AM] {anomaly.py:64} INFO - Starting up new profiler with name:Splunk-Injestor id:6 timeWindow:24 addressBaseline:0.35 portBaseline:0.5 degreeBaseline:0.8 threshold:0.1 
[12/13/2019 12:17:10 AM] {/Users/olanre/Documents/CS6415/Project/app/sensor.py:45} INFO - Starting up sensor object
[12/13/2019 12:17:10 AM] {anomaly.py:45} INFO - The profiler Redmine-Detected - 1 will now sleep for 120 seconds
[12/13/2019 12:17:10 AM] {/Users/olanre/Documents/CS6415/Project/app/sensor.py:45} INFO - Starting up sensor object
[12/13/2019 12:17:10 AM] {/Users/olanre/Documents/CS6415/Project/app/sensor.py:45} INFO - Starting up sensor object
[12/13/2019 12:17:10 AM] {anomaly.py:45} INFO - The profiler CarbonBlack-Strike - 2 will now sleep for 480 seconds
[12/13/2019 12:17:10 AM] {anomaly.py:45} INFO - The profiler Splunk-Injestor - 6 will now sleep for 1440 seconds
[12/13/2019 12:19:10 AM] {/Users/olanre/Documents/CS6415/Project/app/sensor.py:365} DEBUG - Processing Anomaly Entropy Profile in Time Window 2
[12/13/2019 12:19:10 AM] {/Users/olanre/Documents/CS6415/Project/app/sensor.py:191} DEBUG - Getting the last packet recorded in the database
[12/13/2019 12:19:10 AM] {/Users/olanre/Documents/CS6415/Project/app/sensor.py:194} DEBUG - Got the last packet recorded in the database
[12/13/2019 12:19:10 AM] {/Users/olanre/Documents/CS6415/Project/app/sensor.py:369} DEBUG - Got last packetId as: 8323
[12/13/2019 12:19:10 AM] {/Users/olanre/Documents/CS6415/Project/app/sensor.py:211} DEBUG - Processing address entropy
[12/13/2019 12:19:10 AM] {/Users/olanre/Documents/CS6415/Project/app/sensor.py:215} DEBUG - Looking at packets from packet Id 0
[12/13/2019 12:19:10 AM] {/Users/olanre/Documents/CS6415/Project/app/sensor.py:221} DEBUG - Total bytes sent and received in this window is: 3016455
[12/13/2019 12:19:10 AM] {/Users/olanre/Documents/CS6415/Project/app/sensor.py:227} DEBUG - Total packets sent and received in this window is: 8322
[12/13/2019 12:19:10 AM] {/Users/olanre/Documents/CS6415/Project/app/sensor.py:61} DEBUG - Retrieved results from the db of size as: 28
[12/13/2019 12:19:10 AM] {/Users/olanre/Documents/CS6415/Project/app/sensor.py:58} DEBUG - Computed the xvalues to get the entropy from as:  [0, 162625, 567, 71296, 70643, 18509, 9495, 8800, 468, 15662, 468, 24529, 75852, 1068, 3076, 2065292, 1200, 188380, 1716, 1890, 85344, 16616, 22135, 680, 49632, 120512, 0, 0]
[12/13/2019 12:19:10 AM] {/Users/olanre/Documents/CS6415/Project/app/sensor.py:87} DEBUG - Calculated entropy as: 1.9934888159087347
[12/13/2019 12:19:10 AM] {/Users/olanre/Documents/CS6415/Project/app/sensor.py:90} DEBUG - Calculated normalized entropy as:  0.4146747740138767
[12/13/2019 12:19:10 AM] {/Users/olanre/Documents/CS6415/Project/app/sensor.py:61} DEBUG - Retrieved results from the db of size as: 31
[12/13/2019 12:19:10 AM] {/Users/olanre/Documents/CS6415/Project/app/sensor.py:58} DEBUG - Computed the xvalues to get the entropy from as:  [0, 378670, 783, 12700, 254779, 29939, 9965, 9390, 360, 12853, 360, 3377, 648, 854955, 1944, 46220, 2444, 144, 128, 384, 2272, 96645, 1946, 164076, 8684, 8970, 520, 1103171, 10128, 0, 0]
[12/13/2019 12:19:10 AM] {/Users/olanre/Documents/CS6415/Project/app/sensor.py:87} DEBUG - Calculated entropy as: 2.5206773475931468
[12/13/2019 12:19:10 AM] {/Users/olanre/Documents/CS6415/Project/app/sensor.py:90} DEBUG - Calculated normalized entropy as:  0.5087964201798668
[12/13/2019 12:19:10 AM] {/Users/olanre/Documents/CS6415/Project/app/sensor.py:61} DEBUG - Retrieved results from the db of size as: 28
[12/13/2019 12:19:10 AM] {/Users/olanre/Documents/CS6415/Project/app/sensor.py:58} DEBUG - Computed the xvalues to get the entropy from as:  [300, 705, 9, 88, 626, 45, 20, 20, 9, 126, 9, 98, 172, 8, 39, 4227, 16, 248, 31, 28, 340, 44, 40, 10, 952, 96, 4, 12]
[12/13/2019 12:19:10 AM] {/Users/olanre/Documents/CS6415/Project/app/sensor.py:87} DEBUG - Calculated entropy as: 2.7183703056371247
[12/13/2019 12:19:10 AM] {/Users/olanre/Documents/CS6415/Project/app/sensor.py:90} DEBUG - Calculated normalized entropy as:  0.5654607054628766
[12/13/2019 12:19:10 AM] {/Users/olanre/Documents/CS6415/Project/app/sensor.py:61} DEBUG - Retrieved results from the db of size as: 31
[12/13/2019 12:19:10 AM] {/Users/olanre/Documents/CS6415/Project/app/sensor.py:58} DEBUG - Computed the xvalues to get the entropy from as:  [300, 1055, 14, 112, 622, 54, 25, 25, 9, 153, 9, 49, 9, 3513, 27, 260, 44, 4, 4, 8, 20, 242, 28, 500, 72, 65, 10, 977, 96, 4, 12]
[12/13/2019 12:19:10 AM] {/Users/olanre/Documents/CS6415/Project/app/sensor.py:87} DEBUG - Calculated entropy as: 2.999300621922781
[12/13/2019 12:19:10 AM] {/Users/olanre/Documents/CS6415/Project/app/sensor.py:90} DEBUG - Calculated normalized entropy as:  0.6054060909202373
[12/13/2019 12:19:10 AM] {/Users/olanre/Documents/CS6415/Project/app/sensor.py:205} DEBUG - Saving the current timestamp = 1576210750.294266
[12/13/2019 12:19:10 AM] {/Users/olanre/Documents/CS6415/Project/app/sensor.py:242} DEBUG - Saving address entropy data as: [1, 1576210750.294266, 0, 8323, 0.5654607054628766, 0.6054060909202373, 0.4146747740138767, 0.5087964201798668]
[12/13/2019 12:19:10 AM] {/Users/olanre/Documents/CS6415/Project/app/sensor.py:378} DEBUG -  Finished address Entropy in time Window: 2
[12/13/2019 12:19:10 AM] {/Users/olanre/Documents/CS6415/Project/app/sensor.py:249} DEBUG - Processing port entropy
[12/13/2019 12:19:10 AM] {/Users/olanre/Documents/CS6415/Project/app/sensor.py:253} DEBUG - Looking at packets from packet Id: 0
[12/13/2019 12:19:10 AM] {/Users/olanre/Documents/CS6415/Project/app/sensor.py:259} DEBUG - Total bytes sent and received in this window is: 3016455
[12/13/2019 12:19:10 AM] {/Users/olanre/Documents/CS6415/Project/app/sensor.py:265} DEBUG - Total packets sent and received in this window is: 8322
[12/13/2019 12:19:10 AM] {/Users/olanre/Documents/CS6415/Project/app/sensor.py:61} DEBUG - Retrieved results from the db of size as: 26
[12/13/2019 12:19:10 AM] {/Users/olanre/Documents/CS6415/Project/app/sensor.py:58} DEBUG - Computed the xvalues to get the entropy from as:  [201157, 757287, 567, 50312, 468, 360, 8970, 1100, 378670, 880, 8684, 10128, 25268, 7876, 13076, 6424, 6276, 164076, 464, 12853, 783, 1946, 254779, 520, 1103171, 360]
[12/13/2019 12:19:10 AM] {/Users/olanre/Documents/CS6415/Project/app/sensor.py:87} DEBUG - Calculated entropy as: 2.5868813263742103
[12/13/2019 12:19:10 AM] {/Users/olanre/Documents/CS6415/Project/app/sensor.py:90} DEBUG - Calculated normalized entropy as:  0.5503487931970028
[12/13/2019 12:19:10 AM] {/Users/olanre/Documents/CS6415/Project/app/sensor.py:61} DEBUG - Retrieved results from the db of size as: 26
[12/13/2019 12:19:10 AM] {/Users/olanre/Documents/CS6415/Project/app/sensor.py:58} DEBUG - Computed the xvalues to get the entropy from as:  [201157, 901830, 783, 1103691, 360, 468, 22135, 820, 162625, 656, 16616, 120512, 110692, 32596, 45092, 28304, 42992, 85344, 240, 15662, 567, 1890, 70643, 680, 49632, 468]
[12/13/2019 12:19:10 AM] {/Users/olanre/Documents/CS6415/Project/app/sensor.py:87} DEBUG - Calculated entropy as: 2.7414622050699564
[12/13/2019 12:19:10 AM] {/Users/olanre/Documents/CS6415/Project/app/sensor.py:90} DEBUG - Calculated normalized entropy as:  0.5832352650943339
[12/13/2019 12:19:10 AM] {/Users/olanre/Documents/CS6415/Project/app/sensor.py:61} DEBUG - Retrieved results from the db of size as: 26
[12/13/2019 12:19:10 AM] {/Users/olanre/Documents/CS6415/Project/app/sensor.py:58} DEBUG - Computed the xvalues to get the entropy from as:  [935, 2381, 9, 962, 9, 9, 65, 20, 1055, 16, 72, 96, 140, 52, 68, 44, 68, 500, 8, 153, 14, 28, 622, 10, 977, 9]
[12/13/2019 12:19:10 AM] {/Users/olanre/Documents/CS6415/Project/app/sensor.py:87} DEBUG - Calculated entropy as: 3.2324691989892083
[12/13/2019 12:19:10 AM] {/Users/olanre/Documents/CS6415/Project/app/sensor.py:90} DEBUG - Calculated normalized entropy as:  0.6876950653177549
[12/13/2019 12:19:10 AM] {/Users/olanre/Documents/CS6415/Project/app/sensor.py:61} DEBUG - Retrieved results from the db of size as: 26
[12/13/2019 12:19:10 AM] {/Users/olanre/Documents/CS6415/Project/app/sensor.py:58} DEBUG - Computed the xvalues to get the entropy from as:  [935, 3016, 14, 987, 9, 9, 40, 15, 705, 12, 44, 96, 140, 48, 60, 36, 52, 340, 4, 126, 9, 28, 626, 10, 952, 9]
[12/13/2019 12:19:10 AM] {/Users/olanre/Documents/CS6415/Project/app/sensor.py:87} DEBUG - Calculated entropy as: 3.027222828758727
[12/13/2019 12:19:10 AM] {/Users/olanre/Documents/CS6415/Project/app/sensor.py:90} DEBUG - Calculated normalized entropy as:  0.6440297100450676
[12/13/2019 12:19:10 AM] {/Users/olanre/Documents/CS6415/Project/app/sensor.py:205} DEBUG - Saving the current timestamp = 1576210750.309885
[12/13/2019 12:19:10 AM] {/Users/olanre/Documents/CS6415/Project/app/sensor.py:280} DEBUG - Saving port entropy data as: [1, 1576210750.309885, 0, 8323, 0.6876950653177549, 0.6440297100450676, 0.5503487931970028, 0.5832352650943339]
[12/13/2019 12:19:10 AM] {/Users/olanre/Documents/CS6415/Project/app/sensor.py:381} DEBUG -  Finished port Entropy in time Window: 2
[12/13/2019 12:19:10 AM] {/Users/olanre/Documents/CS6415/Project/app/sensor.py:286} DEBUG - Processing degree entropy
[12/13/2019 12:19:10 AM] {/Users/olanre/Documents/CS6415/Project/app/sensor.py:290} DEBUG - Looking at packets from packet Id: 0
[12/13/2019 12:19:10 AM] {/Users/olanre/Documents/CS6415/Project/app/sensor.py:296} DEBUG - Total source hosts in this window is: 59
[12/13/2019 12:19:10 AM] {/Users/olanre/Documents/CS6415/Project/app/sensor.py:302} DEBUG - Total destination hosts in this window is: 59
[12/13/2019 12:19:10 AM] {/Users/olanre/Documents/CS6415/Project/app/sensor.py:61} DEBUG - Retrieved results from the db of size as: 31
[12/13/2019 12:19:10 AM] {/Users/olanre/Documents/CS6415/Project/app/sensor.py:58} DEBUG - Computed the xvalues to get the entropy from as:  [1, 1, 1, 1, 1, 1, 1, 1, 1, 1, 1, 1, 1, 21, 2, 1, 1, 1, 1, 2, 3, 4, 1, 1, 1, 1, 1, 1, 1, 1, 2]
[12/13/2019 12:19:10 AM] {/Users/olanre/Documents/CS6415/Project/app/sensor.py:87} DEBUG - Calculated entropy as: 4.001396381895443
[12/13/2019 12:19:10 AM] {/Users/olanre/Documents/CS6415/Project/app/sensor.py:90} DEBUG - Calculated normalized entropy as:  0.8076782047385143
[12/13/2019 12:19:10 AM] {/Users/olanre/Documents/CS6415/Project/app/sensor.py:61} DEBUG - Retrieved results from the db of size as: 28
[12/13/2019 12:19:10 AM] {/Users/olanre/Documents/CS6415/Project/app/sensor.py:58} DEBUG - Computed the xvalues to get the entropy from as:  [1, 1, 1, 1, 1, 1, 1, 1, 1, 1, 1, 3, 1, 2, 5, 23, 2, 1, 1, 1, 1, 1, 1, 1, 1, 1, 1, 2]
[12/13/2019 12:19:10 AM] {/Users/olanre/Documents/CS6415/Project/app/sensor.py:87} DEBUG - Calculated entropy as: 3.7401607957023213
[12/13/2019 12:19:10 AM] {/Users/olanre/Documents/CS6415/Project/app/sensor.py:90} DEBUG - Calculated normalized entropy as:  0.7780080431634719
[12/13/2019 12:19:10 AM] {/Users/olanre/Documents/CS6415/Project/app/sensor.py:205} DEBUG - Saving the current timestamp = 1576210750.327729
[12/13/2019 12:19:10 AM] {/Users/olanre/Documents/CS6415/Project/app/sensor.py:314} DEBUG - Saving degree entropy data as: [1, 1576210750.327729, 0, 8323, 0.8076782047385143, 0.7780080431634719]
[12/13/2019 12:19:10 AM] {/Users/olanre/Documents/CS6415/Project/app/sensor.py:384} DEBUG -  Finished degree Entropy in time Window: 2
[12/13/2019 12:19:10 AM] {/Users/olanre/Documents/CS6415/Project/app/sensor.py:386} DEBUG - Processing all entropy values {'address': [0, 0.4146747740138767, 0.5087964201798668, 0.5654607054628766, 0.6054060909202373], 'port': [0, 0.5503487931970028, 0.5832352650943339, 0.6876950653177549, 0.6440297100450676], 'degree': [0, 0.8076782047385143, 0.7780080431634719]}
[12/13/2019 12:19:10 AM] {/Users/olanre/Documents/CS6415/Project/app/sensor.py:393} DEBUG - Checking if entropy data values [0, 0.4146747740138767, 0.5087964201798668, 0.5654607054628766, 0.6054060909202373] for address should contribute to an alert 
[12/13/2019 12:19:10 AM] {/Users/olanre/Documents/CS6415/Project/app/sensor.py:336} DEBUG - Upper and lower detection threshold for the address are:  0.55 for upper  and :  0.14999999999999997 for lower 
[12/13/2019 12:19:10 AM] {/Users/olanre/Documents/CS6415/Project/app/sensor.py:341} DEBUG - Trigger detection on address entropy value: 0.5654607054628766 
[12/13/2019 12:19:10 AM] {/Users/olanre/Documents/CS6415/Project/app/sensor.py:396} DEBUG - The set of entropy data within [0, 0.4146747740138767, 0.5087964201798668, 0.5654607054628766, 0.6054060909202373] for address will contribute to the trigger threshold 
[12/13/2019 12:19:10 AM] {/Users/olanre/Documents/CS6415/Project/app/sensor.py:393} DEBUG - Checking if entropy data values [0, 0.5503487931970028, 0.5832352650943339, 0.6876950653177549, 0.6440297100450676] for port should contribute to an alert 
[12/13/2019 12:19:10 AM] {/Users/olanre/Documents/CS6415/Project/app/sensor.py:336} DEBUG - Upper and lower detection threshold for the port are:  0.7 for upper  and :  0.3 for lower 
[12/13/2019 12:19:10 AM] {/Users/olanre/Documents/CS6415/Project/app/sensor.py:393} DEBUG - Checking if entropy data values [0, 0.8076782047385143, 0.7780080431634719] for degree should contribute to an alert 
[12/13/2019 12:19:10 AM] {/Users/olanre/Documents/CS6415/Project/app/sensor.py:336} DEBUG - Upper and lower detection threshold for the degree are:  0.95 for upper  and :  0.55 for lower 
[12/13/2019 12:19:10 AM] {anomaly.py:45} INFO - The profiler Redmine-Detected - 1 will now sleep for 120 seconds
[12/13/2019 12:21:10 AM] {/Users/olanre/Documents/CS6415/Project/app/sensor.py:365} DEBUG - Processing Anomaly Entropy Profile in Time Window 2
[12/13/2019 12:21:10 AM] {/Users/olanre/Documents/CS6415/Project/app/sensor.py:191} DEBUG - Getting the last packet recorded in the database
[12/13/2019 12:21:10 AM] {/Users/olanre/Documents/CS6415/Project/app/sensor.py:194} DEBUG - Got the last packet recorded in the database
[12/13/2019 12:21:10 AM] {/Users/olanre/Documents/CS6415/Project/app/sensor.py:369} DEBUG - Got last packetId as: 15469
[12/13/2019 12:21:10 AM] {/Users/olanre/Documents/CS6415/Project/app/sensor.py:211} DEBUG - Processing address entropy
[12/13/2019 12:21:10 AM] {/Users/olanre/Documents/CS6415/Project/app/sensor.py:215} DEBUG - Looking at packets from packet Id 0
[12/13/2019 12:21:10 AM] {/Users/olanre/Documents/CS6415/Project/app/sensor.py:221} DEBUG - Total bytes sent and received in this window is: 6971675
[12/13/2019 12:21:10 AM] {/Users/olanre/Documents/CS6415/Project/app/sensor.py:227} DEBUG - Total packets sent and received in this window is: 15468
[12/13/2019 12:21:10 AM] {/Users/olanre/Documents/CS6415/Project/app/sensor.py:61} DEBUG - Retrieved results from the db of size as: 29
[12/13/2019 12:21:10 AM] {/Users/olanre/Documents/CS6415/Project/app/sensor.py:58} DEBUG - Computed the xvalues to get the entropy from as:  [0, 162625, 819, 71804, 184087, 26725, 9495, 8800, 24404, 884, 32978, 1396, 40201, 130977, 1228, 9168, 5613451, 1200, 192180, 3204, 4050, 146844, 17868, 22135, 888, 143752, 120512, 0, 0]
[12/13/2019 12:21:10 AM] {/Users/olanre/Documents/CS6415/Project/app/sensor.py:87} DEBUG - Calculated entropy as: 1.416974095530702
[12/13/2019 12:21:10 AM] {/Users/olanre/Documents/CS6415/Project/app/sensor.py:90} DEBUG - Calculated normalized entropy as:  0.291679629243484
[12/13/2019 12:21:10 AM] {/Users/olanre/Documents/CS6415/Project/app/sensor.py:61} DEBUG - Retrieved results from the db of size as: 33
[12/13/2019 12:21:10 AM] {/Users/olanre/Documents/CS6415/Project/app/sensor.py:58} DEBUG - Computed the xvalues to get the entropy from as:  [0, 378670, 1243, 13368, 454387, 43251, 9965, 9390, 11716, 680, 23589, 1048, 3961, 1512, 1186991, 3672, 48032, 4156, 288, 128, 768, 2564, 496, 170598, 4170, 253060, 9848, 8970, 1064, 4313962, 10128, 0, 0]
[12/13/2019 12:21:10 AM] {/Users/olanre/Documents/CS6415/Project/app/sensor.py:87} DEBUG - Calculated entropy as: 1.9165141198340205
[12/13/2019 12:21:10 AM] {/Users/olanre/Documents/CS6415/Project/app/sensor.py:90} DEBUG - Calculated normalized entropy as:  0.3799294968803435
[12/13/2019 12:21:10 AM] {/Users/olanre/Documents/CS6415/Project/app/sensor.py:61} DEBUG - Retrieved results from the db of size as: 29
[12/13/2019 12:21:10 AM] {/Users/olanre/Documents/CS6415/Project/app/sensor.py:58} DEBUG - Computed the xvalues to get the entropy from as:  [524, 705, 13, 96, 1178, 65, 20, 20, 28, 17, 242, 25, 150, 297, 12, 91, 7986, 16, 312, 59, 60, 560, 64, 40, 14, 2762, 96, 4, 12]
[12/13/2019 12:21:10 AM] {/Users/olanre/Documents/CS6415/Project/app/sensor.py:87} DEBUG - Calculated entropy as: 2.541451514307646
[12/13/2019 12:21:10 AM] {/Users/olanre/Documents/CS6415/Project/app/sensor.py:90} DEBUG - Calculated normalized entropy as:  0.5231497440720034
[12/13/2019 12:21:10 AM] {/Users/olanre/Documents/CS6415/Project/app/sensor.py:61} DEBUG - Retrieved results from the db of size as: 33
[12/13/2019 12:21:10 AM] {/Users/olanre/Documents/CS6415/Project/app/sensor.py:58} DEBUG - Computed the xvalues to get the entropy from as:  [524, 1055, 22, 124, 1174, 78, 25, 25, 24, 17, 286, 25, 57, 21, 6463, 51, 296, 76, 8, 4, 16, 24, 4, 431, 60, 816, 92, 65, 18, 3475, 96, 4, 12]
[12/13/2019 12:21:10 AM] {/Users/olanre/Documents/CS6415/Project/app/sensor.py:87} DEBUG - Calculated entropy as: 2.8038145885147725
[12/13/2019 12:21:10 AM] {/Users/olanre/Documents/CS6415/Project/app/sensor.py:90} DEBUG - Calculated normalized entropy as:  0.55582782038279
[12/13/2019 12:21:10 AM] {/Users/olanre/Documents/CS6415/Project/app/sensor.py:205} DEBUG - Saving the current timestamp = 1576210870.522996
[12/13/2019 12:21:10 AM] {/Users/olanre/Documents/CS6415/Project/app/sensor.py:242} DEBUG - Saving address entropy data as: [1, 1576210870.522996, 0, 15469, 0.5231497440720034, 0.55582782038279, 0.291679629243484, 0.3799294968803435]
[12/13/2019 12:21:10 AM] {/Users/olanre/Documents/CS6415/Project/app/sensor.py:378} DEBUG -  Finished address Entropy in time Window: 2
[12/13/2019 12:21:10 AM] {/Users/olanre/Documents/CS6415/Project/app/sensor.py:249} DEBUG - Processing port entropy
[12/13/2019 12:21:10 AM] {/Users/olanre/Documents/CS6415/Project/app/sensor.py:253} DEBUG - Looking at packets from packet Id: 8323
[12/13/2019 12:21:10 AM] {/Users/olanre/Documents/CS6415/Project/app/sensor.py:259} DEBUG - Total bytes sent and received in this window is: 3955220
[12/13/2019 12:21:10 AM] {/Users/olanre/Documents/CS6415/Project/app/sensor.py:265} DEBUG - Total packets sent and received in this window is: 7146
[12/13/2019 12:21:10 AM] {/Users/olanre/Documents/CS6415/Project/app/sensor.py:61} DEBUG - Retrieved results from the db of size as: 22
[12/13/2019 12:21:10 AM] {/Users/olanre/Documents/CS6415/Project/app/sensor.py:58} DEBUG - Computed the xvalues to get the entropy from as:  [138117, 202396, 252, 94328, 416, 688, 1164, 604, 604, 604, 668, 416, 880, 88984, 416, 10736, 460, 2224, 199608, 544, 3210791, 320]
[12/13/2019 12:21:10 AM] {/Users/olanre/Documents/CS6415/Project/app/sensor.py:87} DEBUG - Calculated entropy as: 1.1567049158007894
[12/13/2019 12:21:10 AM] {/Users/olanre/Documents/CS6415/Project/app/sensor.py:90} DEBUG - Calculated normalized entropy as:  0.2593839338104376
[12/13/2019 12:21:10 AM] {/Users/olanre/Documents/CS6415/Project/app/sensor.py:61} DEBUG - Retrieved results from the db of size as: 22
[12/13/2019 12:21:10 AM] {/Users/olanre/Documents/CS6415/Project/app/sensor.py:58} DEBUG - Computed the xvalues to get the entropy from as:  [138117, 307596, 460, 3211335, 320, 928, 1252, 320, 1740, 1740, 508, 416, 656, 61500, 416, 17316, 252, 2160, 113444, 208, 94120, 416]
[12/13/2019 12:21:10 AM] {/Users/olanre/Documents/CS6415/Project/app/sensor.py:87} DEBUG - Calculated entropy as: 1.1381217105439685
[12/13/2019 12:21:10 AM] {/Users/olanre/Documents/CS6415/Project/app/sensor.py:90} DEBUG - Calculated normalized entropy as:  0.25521676479742794
[12/13/2019 12:21:10 AM] {/Users/olanre/Documents/CS6415/Project/app/sensor.py:61} DEBUG - Retrieved results from the db of size as: 22
[12/13/2019 12:21:10 AM] {/Users/olanre/Documents/CS6415/Project/app/sensor.py:58} DEBUG - Computed the xvalues to get the entropy from as:  [593, 1056, 4, 1814, 8, 16, 20, 12, 12, 12, 12, 8, 16, 316, 8, 133, 8, 32, 552, 8, 2498, 8]
[12/13/2019 12:21:10 AM] {/Users/olanre/Documents/CS6415/Project/app/sensor.py:87} DEBUG - Calculated entropy as: 2.5610232023715476
[12/13/2019 12:21:10 AM] {/Users/olanre/Documents/CS6415/Project/app/sensor.py:90} DEBUG - Calculated normalized entropy as:  0.5742936368097374
[12/13/2019 12:21:10 AM] {/Users/olanre/Documents/CS6415/Project/app/sensor.py:61} DEBUG - Retrieved results from the db of size as: 22
[12/13/2019 12:21:10 AM] {/Users/olanre/Documents/CS6415/Project/app/sensor.py:58} DEBUG - Computed the xvalues to get the entropy from as:  [593, 1149, 8, 2506, 8, 16, 20, 8, 28, 28, 8, 8, 12, 220, 8, 116, 4, 32, 552, 4, 1810, 8]
[12/13/2019 12:21:10 AM] {/Users/olanre/Documents/CS6415/Project/app/sensor.py:87} DEBUG - Calculated entropy as: 2.535825846418061
[12/13/2019 12:21:10 AM] {/Users/olanre/Documents/CS6415/Project/app/sensor.py:90} DEBUG - Calculated normalized entropy as:  0.5686432853505561
[12/13/2019 12:21:10 AM] {/Users/olanre/Documents/CS6415/Project/app/sensor.py:205} DEBUG - Saving the current timestamp = 1576210870.593266
[12/13/2019 12:21:10 AM] {/Users/olanre/Documents/CS6415/Project/app/sensor.py:280} DEBUG - Saving port entropy data as: [1, 1576210870.593266, 8323, 15469, 0.5742936368097374, 0.5686432853505561, 0.2593839338104376, 0.25521676479742794]
[12/13/2019 12:21:10 AM] {/Users/olanre/Documents/CS6415/Project/app/sensor.py:381} DEBUG -  Finished port Entropy in time Window: 2
[12/13/2019 12:21:10 AM] {/Users/olanre/Documents/CS6415/Project/app/sensor.py:286} DEBUG - Processing degree entropy
[12/13/2019 12:21:10 AM] {/Users/olanre/Documents/CS6415/Project/app/sensor.py:290} DEBUG - Looking at packets from packet Id: 8323
[12/13/2019 12:21:10 AM] {/Users/olanre/Documents/CS6415/Project/app/sensor.py:296} DEBUG - Total source hosts in this window is: 46
[12/13/2019 12:21:10 AM] {/Users/olanre/Documents/CS6415/Project/app/sensor.py:302} DEBUG - Total destination hosts in this window is: 46
[12/13/2019 12:21:10 AM] {/Users/olanre/Documents/CS6415/Project/app/sensor.py:61} DEBUG - Retrieved results from the db of size as: 25
[12/13/2019 12:21:10 AM] {/Users/olanre/Documents/CS6415/Project/app/sensor.py:58} DEBUG - Computed the xvalues to get the entropy from as:  [1, 1, 1, 1, 1, 1, 1, 1, 1, 1, 1, 17, 2, 1, 1, 1, 2, 1, 1, 4, 1, 1, 1, 1, 1]
[12/13/2019 12:21:10 AM] {/Users/olanre/Documents/CS6415/Project/app/sensor.py:87} DEBUG - Calculated entropy as: 3.7521082973340607
[12/13/2019 12:21:10 AM] {/Users/olanre/Documents/CS6415/Project/app/sensor.py:90} DEBUG - Calculated normalized entropy as:  0.8079725435072264
[12/13/2019 12:21:10 AM] {/Users/olanre/Documents/CS6415/Project/app/sensor.py:61} DEBUG - Retrieved results from the db of size as: 21
[12/13/2019 12:21:10 AM] {/Users/olanre/Documents/CS6415/Project/app/sensor.py:58} DEBUG - Computed the xvalues to get the entropy from as:  [1, 1, 1, 1, 1, 1, 1, 1, 1, 3, 1, 1, 5, 20, 1, 1, 1, 1, 1, 1, 1]
[12/13/2019 12:21:10 AM] {/Users/olanre/Documents/CS6415/Project/app/sensor.py:87} DEBUG - Calculated entropy as: 3.288712176179892
[12/13/2019 12:21:10 AM] {/Users/olanre/Documents/CS6415/Project/app/sensor.py:90} DEBUG - Calculated normalized entropy as:  0.7487419190435735
[12/13/2019 12:21:10 AM] {/Users/olanre/Documents/CS6415/Project/app/sensor.py:205} DEBUG - Saving the current timestamp = 1576210870.631937
[12/13/2019 12:21:10 AM] {/Users/olanre/Documents/CS6415/Project/app/sensor.py:314} DEBUG - Saving degree entropy data as: [1, 1576210870.631937, 8323, 15469, 0.8079725435072264, 0.7487419190435735]
[12/13/2019 12:21:10 AM] {/Users/olanre/Documents/CS6415/Project/app/sensor.py:384} DEBUG -  Finished degree Entropy in time Window: 2
[12/13/2019 12:21:10 AM] {/Users/olanre/Documents/CS6415/Project/app/sensor.py:386} DEBUG - Processing all entropy values {'address': [0, 0.291679629243484, 0.3799294968803435, 0.5231497440720034, 0.55582782038279], 'port': [8323, 0.2593839338104376, 0.25521676479742794, 0.5742936368097374, 0.5686432853505561], 'degree': [8323, 0.8079725435072264, 0.7487419190435735]}
[12/13/2019 12:21:10 AM] {/Users/olanre/Documents/CS6415/Project/app/sensor.py:393} DEBUG - Checking if entropy data values [0, 0.291679629243484, 0.3799294968803435, 0.5231497440720034, 0.55582782038279] for address should contribute to an alert 
[12/13/2019 12:21:10 AM] {/Users/olanre/Documents/CS6415/Project/app/sensor.py:336} DEBUG - Upper and lower detection threshold for the address are:  0.55 for upper  and :  0.14999999999999997 for lower 
[12/13/2019 12:21:10 AM] {/Users/olanre/Documents/CS6415/Project/app/sensor.py:341} DEBUG - Trigger detection on address entropy value: 0.55582782038279 
[12/13/2019 12:21:10 AM] {/Users/olanre/Documents/CS6415/Project/app/sensor.py:396} DEBUG - The set of entropy data within [0, 0.291679629243484, 0.3799294968803435, 0.5231497440720034, 0.55582782038279] for address will contribute to the trigger threshold 
[12/13/2019 12:21:10 AM] {/Users/olanre/Documents/CS6415/Project/app/sensor.py:393} DEBUG - Checking if entropy data values [8323, 0.2593839338104376, 0.25521676479742794, 0.5742936368097374, 0.5686432853505561] for port should contribute to an alert 
[12/13/2019 12:21:10 AM] {/Users/olanre/Documents/CS6415/Project/app/sensor.py:336} DEBUG - Upper and lower detection threshold for the port are:  0.7 for upper  and :  0.3 for lower 
[12/13/2019 12:21:10 AM] {/Users/olanre/Documents/CS6415/Project/app/sensor.py:341} DEBUG - Trigger detection on port entropy value: 0.2593839338104376 
[12/13/2019 12:21:10 AM] {/Users/olanre/Documents/CS6415/Project/app/sensor.py:396} DEBUG - The set of entropy data within [8323, 0.2593839338104376, 0.25521676479742794, 0.5742936368097374, 0.5686432853505561] for port will contribute to the trigger threshold 
[12/13/2019 12:21:10 AM] {/Users/olanre/Documents/CS6415/Project/app/sensor.py:399} DEBUG - Alert threshold 2 reached with triggerCount of 2, rasing an alert on the sensor: 1 in time window: 2
[12/13/2019 12:21:10 AM] {/Users/olanre/Documents/CS6415/Project/app/sensor.py:205} DEBUG - Saving the current timestamp = 1576210870.633591
[12/13/2019 12:21:10 AM] {/Users/olanre/Documents/CS6415/Project/app/sensor.py:354} DEBUG - Building bulk import for data of length: 7146
[12/13/2019 12:21:15 AM] {/Users/olanre/Documents/CS6415/Project/app/sensor.py:360} DEBUG - Generating response with data: [624, 1, 0.2, 2, 1576210870.633591] and from entropy type port
[12/13/2019 12:21:15 AM] {/Users/olanre/Documents/CS6415/Project/app/sensor.py:393} DEBUG - Checking if entropy data values [8323, 0.8079725435072264, 0.7487419190435735] for degree should contribute to an alert 
[12/13/2019 12:21:15 AM] {/Users/olanre/Documents/CS6415/Project/app/sensor.py:336} DEBUG - Upper and lower detection threshold for the degree are:  0.95 for upper  and :  0.55 for lower 
[12/13/2019 12:21:15 AM] {anomaly.py:45} INFO - The profiler Redmine-Detected - 1 will now sleep for 120 seconds
